<?xml version="1.0" encoding="UTF-8"?>
<!-- Generated by org.testng.reporters.JUnitXMLReporter -->
<testsuite ignored="0" hostname="DESKTOP-E6O2DFS" failures="0" tests="1" name="Planit Tests" time="0.047" errors="0" timestamp="2021-11-29T15:41:05 AEDT">
  <testcase classname="testBase.BaseClass" name="@BeforeClass setup" time="-1.638160865055E9">
    <failure type="org.testng.TestNGException" message="
Parameter &amp;apos;browser&amp;apos; is required by BeforeClass on method setup but has not been marked @Optional or defined
in C:\Users\sivaa\eclipse-workspace\Planit\testng.xml">
      <![CDATA[org.testng.TestNGException: 
Parameter 'browser' is required by BeforeClass on method setup but has not been marked @Optional or defined
in C:\Users\sivaa\eclipse-workspace\Planit\testng.xml
at java.base/java.util.ArrayList.forEach(ArrayList.java:1511)
... Removed 22 stack frames]]>
    </failure>
  </testcase> <!-- @BeforeClass setup -->
  <testcase classname="testBase.BaseClass" name="@AfterClass teardown" time="-1.638160865081E9">
    <skipped/>
  </testcase> <!-- @AfterClass teardown -->
  <testcase classname="testCases.Test_1" name="testcase_1" time="0.0">
    <skipped/>
  </testcase> <!-- testcase_1 -->
</testsuite> <!-- Planit Tests -->
